<?xml version="1.0" encoding="UTF-8"?>
<!-- Generated by org.testng.reporters.JUnitXMLReporter -->
<testsuite ignored="0" hostname="L10ACL-c8LSkd7I" failures="0" tests="5" name="Surefire test" time="5.452" errors="0" timestamp="2023-11-28T17:34:57 IST">
  <testcase classname="com.spotify.oauth2.tests.PlaylistTests" name="ShouldNotBeAbleToCreateAPlaylistWithExpiredToken" time="3.919"/>
  <testcase classname="com.spotify.oauth2.tests.PlaylistTests" name="ShouldNotBeAbleToCreateAPlaylistWithoutName" time="5.075"/>
  <testcase classname="com.spotify.oauth2.tests.PlaylistTests" name="ShouldBeAbleToGetAPlaylist" time="5.176"/>
  <testcase classname="com.spotify.oauth2.tests.PlaylistTests" name="ShouldBeAbleToUpdateAPlaylist" time="5.211"/>
  <testcase classname="com.spotify.oauth2.tests.PlaylistTests" name="ShouldBeAbleToCreateAPlaylist" time="5.254"/>
</testsuite> <!-- Surefire test -->
