<?xml version="1.0" encoding="UTF-8"?>
<testsuite xmlns:xsi="http://www.w3.org/2001/XMLSchema-instance" xsi:noNamespaceSchemaLocation="https://maven.apache.org/surefire/maven-surefire-plugin/xsd/surefire-test-report-3.0.xsd" version="3.0" name="com.spotify.oauth2.tests.PlaylistTests" time="6.236" tests="5" errors="0" skipped="0" failures="0">
  <properties>
[...]
</properties>
  <testcase name="ShouldBeAbleToCreateAPlaylist" classname="com.spotify.oauth2.tests.PlaylistTests" time="4.164">
    <system-out><![CDATA[Renewing Token...
Request method:	POST
Request URI:	https://accounts.spotify.com/api/token
Proxy:			<none>
Request params:	<none>
Query params:	<none>
Form params:	refresh_token=AQBIt6_HyGs81DjMGtyd_qHQBZ6309qYlHS4q0kJup-bH0aiY-8gweS7YcXRh2vyqAbIwSjuywzlm8y3bSMxTgIEnH35iKC8Ksj0UClRY1GMWB9PqmL1DJl6G6yhxds4fEw
				grant_type=refresh_token
				client_secret=a253050ff7234d508bcc0aa203dd774d
				client_id=fdad27c660474753b111c24b78c22379
Path params:	<none>
Headers:		Accept=*/*
				Content-Type=application/x-www-form-urlencoded; charset=ISO-8859-1
Cookies:		<none>
Multiparts:		<none>
Body:			<none>
HTTP/1.1 200 OK
date: Mon, 20 Nov 2023 12:06:54 GMT
content-type: application/json
vary: Accept-Encoding
set-cookie: __Host-device_id=AQBIYTclTDIouqSntV50rNd6fG60d2OO6ZdaFYc4Kf7E9cTNH_4TbwuBQU67Y5XBqaXWSsTFsi2yq3JhrIBKH5zAoQyudh72syY;Version=1;Path=/;Max-Age=2147483647;Secure;HttpOnly;SameSite=Lax
set-cookie: sp_tr=false;Version=1;Domain=accounts.spotify.com;Path=/;Secure;SameSite=Lax
sp-trace-id: 1088e8ceeb24e2fa
content-encoding: gzip
x-envoy-upstream-service-time: 25
server: envoy
strict-transport-security: max-age=31536000
x-content-type-options: nosniff
Via: HTTP/2 edgeproxy, 1.1 google
Alt-Svc: h3=":443"; ma=2592000,h3-29=":443"; ma=2592000
Transfer-Encoding: chunked

{
    "access_token": "BQCPI5utb1sYpt3uneMeSTK0AfK7amkvQA_Xh1FhycVjbhZ09Mw2lRcxqxuh6uLzR2D2t0E5ZKTg6WSoJbjITKTZIkrGqw_DyVk8iwbpjZcppTfmL1OVQQR-w86TF2wrP1NFNCkdf06zW4IJcRTh_nnKaDPntmb8gWIizx16oDSncPj-Oicd1LhE3Z7PUWoPeKP8oCXHxYfFcUiGO68G3v40cSyzJgcKv0iDwqMwr4lsBsSmH4y_kCoZZPt8meKoQCL4hsFbkpKtKO1X",
    "token_type": "Bearer",
    "expires_in": 3600,
    "scope": "playlist-read-private playlist-read-collaborative playlist-modify-private playlist-modify-public"
}
{"access_token":"BQCPI5utb1sYpt3uneMeSTK0AfK7amkvQA_Xh1FhycVjbhZ09Mw2lRcxqxuh6uLzR2D2t0E5ZKTg6WSoJbjITKTZIkrGqw_DyVk8iwbpjZcppTfmL1OVQQR-w86TF2wrP1NFNCkdf06zW4IJcRTh_nnKaDPntmb8gWIizx16oDSncPj-Oicd1LhE3Z7PUWoPeKP8oCXHxYfFcUiGO68G3v40cSyzJgcKv0iDwqMwr4lsBsSmH4y_kCoZZPt8meKoQCL4hsFbkpKtKO1X","token_type":"Bearer","expires_in":3600,"scope":"playlist-read-private playlist-read-collaborative playlist-modify-private playlist-modify-public"}
Request method:	POST
Request URI:	https://api.spotify.com/v1/users/31n6pt3u2qolhayrwyhqisky5fc4/playlists
Proxy:			<none>
Request params:	<none>
Query params:	<none>
Form params:	<none>
Path params:	<none>
Headers:		Authorization=Bearer BQCPI5utb1sYpt3uneMeSTK0AfK7amkvQA_Xh1FhycVjbhZ09Mw2lRcxqxuh6uLzR2D2t0E5ZKTg6WSoJbjITKTZIkrGqw_DyVk8iwbpjZcppTfmL1OVQQR-w86TF2wrP1NFNCkdf06zW4IJcRTh_nnKaDPntmb8gWIizx16oDSncPj-Oicd1LhE3Z7PUWoPeKP8oCXHxYfFcUiGO68G3v40cSyzJgcKv0iDwqMwr4lsBsSmH4y_kCoZZPt8meKoQCL4hsFbkpKtKO1X
				Accept=*/*
				Content-Type=application/json
Cookies:		<none>
Multiparts:		<none>
Body:
{
    "description": "new playlist description",
    "name": "new playlist",
    "public": false
}
HTTP/1.1 201 Created
content-type: application/json; charset=utf-8
cache-control: private, max-age=0
location: https://api.spotify.com/v1/playlists/2bUXu1Ru1yHsBtFQBqSCWx
x-robots-tag: noindex, nofollow
access-control-allow-origin: *
access-control-allow-headers: Accept, App-Platform, Authorization, Content-Type, Origin, Retry-After, Spotify-App-Version, X-Cloud-Trace-Context, client-token, content-access-token
access-control-allow-methods: GET, POST, OPTIONS, PUT, DELETE, PATCH
access-control-allow-credentials: true
access-control-max-age: 604800
content-encoding: gzip
strict-transport-security: max-age=31536000
x-content-type-options: nosniff
date: Mon, 20 Nov 2023 12:06:55 GMT
server: envoy
Via: HTTP/2 edgeproxy, 1.1 google
Alt-Svc: h3=":443"; ma=2592000,h3-29=":443"; ma=2592000
Transfer-Encoding: chunked

{
    "collaborative": false,
    "description": "new playlist description",
    "external_urls": {
        "spotify": "https://open.spotify.com/playlist/2bUXu1Ru1yHsBtFQBqSCWx"
    },
    "followers": {
        "href": null,
        "total": 0
    },
    "href": "https://api.spotify.com/v1/playlists/2bUXu1Ru1yHsBtFQBqSCWx",
    "id": "2bUXu1Ru1yHsBtFQBqSCWx",
    "images": [
        
    ],
    "name": "new playlist",
    "owner": {
        "display_name": "hemant pande",
        "external_urls": {
            "spotify": "https://open.spotify.com/user/31n6pt3u2qolhayrwyhqisky5fc4"
        },
        "href": "https://api.spotify.com/v1/users/31n6pt3u2qolhayrwyhqisky5fc4",
        "id": "31n6pt3u2qolhayrwyhqisky5fc4",
        "type": "user",
        "uri": "spotify:user:31n6pt3u2qolhayrwyhqisky5fc4"
    },
    "primary_color": null,
    "public": false,
    "snapshot_id": "MSw5ZGQ0MzE3OTM2YTAxMWM2NmQzNDBmZDM3YzE2MjRmNmU3M2EzMjEw",
    "tracks": {
        "href": "https://api.spotify.com/v1/playlists/2bUXu1Ru1yHsBtFQBqSCWx/tracks",
        "items": [
            
        ],
        "limit": 100,
        "next": null,
        "offset": 0,
        "previous": null,
        "total": 0
    },
    "type": "playlist",
    "uri": "spotify:playlist:2bUXu1Ru1yHsBtFQBqSCWx"
}
]]></system-out>
  </testcase>
  <testcase name="ShouldBeAbleToGetAPlaylist" classname="com.spotify.oauth2.tests.PlaylistTests" time="0.257">
    <system-out><![CDATA[Token is good to use.
Request method:	GET
Request URI:	https://api.spotify.com/v1/playlists/5IcsYr6zLFMB9kbMz9y8vE
Proxy:			<none>
Request params:	<none>
Query params:	<none>
Form params:	<none>
Path params:	<none>
Headers:		Authorization=Bearer BQCPI5utb1sYpt3uneMeSTK0AfK7amkvQA_Xh1FhycVjbhZ09Mw2lRcxqxuh6uLzR2D2t0E5ZKTg6WSoJbjITKTZIkrGqw_DyVk8iwbpjZcppTfmL1OVQQR-w86TF2wrP1NFNCkdf06zW4IJcRTh_nnKaDPntmb8gWIizx16oDSncPj-Oicd1LhE3Z7PUWoPeKP8oCXHxYfFcUiGO68G3v40cSyzJgcKv0iDwqMwr4lsBsSmH4y_kCoZZPt8meKoQCL4hsFbkpKtKO1X
				Accept=*/*
				Content-Type=application/json
Cookies:		<none>
Multiparts:		<none>
Body:			<none>
HTTP/1.1 200 OK
content-type: application/json; charset=utf-8
cache-control: public, max-age=0
etag: "MC-IjQzODZmNDE4MjMxZTY0OTIzNjFkOGZiM2NjZDg1Mjg1Ig=="
x-robots-tag: noindex, nofollow
access-control-allow-origin: *
access-control-allow-headers: Accept, App-Platform, Authorization, Content-Type, Origin, Retry-After, Spotify-App-Version, X-Cloud-Trace-Context, client-token, content-access-token
access-control-allow-methods: GET, POST, OPTIONS, PUT, DELETE, PATCH
access-control-allow-credentials: true
access-control-max-age: 604800
content-encoding: gzip
strict-transport-security: max-age=31536000
x-content-type-options: nosniff
date: Mon, 20 Nov 2023 12:06:55 GMT
server: envoy
Via: HTTP/2 edgeproxy, 1.1 google
Alt-Svc: h3=":443"; ma=2592000,h3-29=":443"; ma=2592000
Transfer-Encoding: chunked

{
    "collaborative": false,
    "description": "Updated playlist description",
    "external_urls": {
        "spotify": "https://open.spotify.com/playlist/5IcsYr6zLFMB9kbMz9y8vE"
    },
    "followers": {
        "href": null,
        "total": 0
    },
    "href": "https://api.spotify.com/v1/playlists/5IcsYr6zLFMB9kbMz9y8vE",
    "id": "5IcsYr6zLFMB9kbMz9y8vE",
    "images": [
        
    ],
    "name": "Updated Playlist Name",
    "owner": {
        "display_name": "hemant pande",
        "external_urls": {
            "spotify": "https://open.spotify.com/user/31n6pt3u2qolhayrwyhqisky5fc4"
        },
        "href": "https://api.spotify.com/v1/users/31n6pt3u2qolhayrwyhqisky5fc4",
        "id": "31n6pt3u2qolhayrwyhqisky5fc4",
        "type": "user",
        "uri": "spotify:user:31n6pt3u2qolhayrwyhqisky5fc4"
    },
    "primary_color": null,
    "public": false,
    "snapshot_id": "NSxhMGU2OWZiMzU4ZjU3YTU2NGQ1ODRkMTk3NzllMTI0NDM0YTU5YzVm",
    "tracks": {
        "href": "https://api.spotify.com/v1/playlists/5IcsYr6zLFMB9kbMz9y8vE/tracks?offset=0&limit=100",
        "items": [
            
        ],
        "limit": 100,
        "next": null,
        "offset": 0,
        "previous": null,
        "total": 0
    },
    "type": "playlist",
    "uri": "spotify:playlist:5IcsYr6zLFMB9kbMz9y8vE"
}
]]></system-out>
  </testcase>
  <testcase name="ShouldBeAbleToUpdateAPlaylist" classname="com.spotify.oauth2.tests.PlaylistTests" time="0.266">
    <system-out><![CDATA[Token is good to use.
Request method:	PUT
Request URI:	https://api.spotify.com/v1/playlists/7edkTYY6ASPWjN7PfrsHD0
Proxy:			<none>
Request params:	<none>
Query params:	<none>
Form params:	<none>
Path params:	<none>
Headers:		Authorization=Bearer BQCPI5utb1sYpt3uneMeSTK0AfK7amkvQA_Xh1FhycVjbhZ09Mw2lRcxqxuh6uLzR2D2t0E5ZKTg6WSoJbjITKTZIkrGqw_DyVk8iwbpjZcppTfmL1OVQQR-w86TF2wrP1NFNCkdf06zW4IJcRTh_nnKaDPntmb8gWIizx16oDSncPj-Oicd1LhE3Z7PUWoPeKP8oCXHxYfFcUiGO68G3v40cSyzJgcKv0iDwqMwr4lsBsSmH4y_kCoZZPt8meKoQCL4hsFbkpKtKO1X
				Accept=*/*
				Content-Type=application/json
Cookies:		<none>
Multiparts:		<none>
Body:
{
    "description": "Updated playlist description",
    "name": "Updated playlist",
    "public": false
}
HTTP/1.1 200 OK
cache-control: private, max-age=0
x-robots-tag: noindex, nofollow
access-control-allow-origin: *
access-control-allow-headers: Accept, App-Platform, Authorization, Content-Type, Origin, Retry-After, Spotify-App-Version, X-Cloud-Trace-Context, client-token, content-access-token
access-control-allow-methods: GET, POST, OPTIONS, PUT, DELETE, PATCH
access-control-allow-credentials: true
access-control-max-age: 604800
Content-Length: 0
strict-transport-security: max-age=31536000
x-content-type-options: nosniff
date: Mon, 20 Nov 2023 12:06:56 GMT
server: envoy
Via: HTTP/2 edgeproxy, 1.1 google
Alt-Svc: h3=":443"; ma=2592000,h3-29=":443"; ma=2592000
]]></system-out>
  </testcase>
  <testcase name="ShouldNotBeAbleToCreateAPlaylistWithExpiredToken" classname="com.spotify.oauth2.tests.PlaylistTests" time="0.192">
    <system-out><![CDATA[Request method:	POST
Request URI:	https://api.spotify.com/v1/users/31n6pt3u2qolhayrwyhqisky5fc4/playlists
Proxy:			<none>
Request params:	<none>
Query params:	<none>
Form params:	<none>
Path params:	<none>
Headers:		Authorization=Bearer 123456
				Accept=*/*
				Content-Type=application/json
Cookies:		<none>
Multiparts:		<none>
Body:
{
    "description": "Updated playlist description",
    "name": "",
    "public": false
}
HTTP/1.1 401 Unauthorized
www-authenticate: Bearer realm="spotify", error="invalid_token", error_description="Invalid access token"
access-control-allow-origin: *
access-control-allow-headers: Accept, App-Platform, Authorization, Content-Type, Origin, Retry-After, Spotify-App-Version, X-Cloud-Trace-Context, client-token, content-access-token
access-control-allow-methods: GET, POST, OPTIONS, PUT, DELETE, PATCH
access-control-allow-credentials: true
access-control-max-age: 604800
content-type: application/json
content-encoding: gzip
strict-transport-security: max-age=31536000
x-content-type-options: nosniff
date: Mon, 20 Nov 2023 12:06:56 GMT
server: envoy
Via: HTTP/2 edgeproxy, 1.1 google
Alt-Svc: h3=":443"; ma=2592000,h3-29=":443"; ma=2592000
Transfer-Encoding: chunked

{
    "error": {
        "status": 401,
        "message": "Invalid access token"
    }
}
]]></system-out>
  </testcase>
  <testcase name="ShouldNotBeAbleToCreateAPlaylistWithoutName" classname="com.spotify.oauth2.tests.PlaylistTests" time="0.195">
    <system-out><![CDATA[Token is good to use.
Request method:	POST
Request URI:	https://api.spotify.com/v1/users/31n6pt3u2qolhayrwyhqisky5fc4/playlists
Proxy:			<none>
Request params:	<none>
Query params:	<none>
Form params:	<none>
Path params:	<none>
Headers:		Authorization=Bearer BQCPI5utb1sYpt3uneMeSTK0AfK7amkvQA_Xh1FhycVjbhZ09Mw2lRcxqxuh6uLzR2D2t0E5ZKTg6WSoJbjITKTZIkrGqw_DyVk8iwbpjZcppTfmL1OVQQR-w86TF2wrP1NFNCkdf06zW4IJcRTh_nnKaDPntmb8gWIizx16oDSncPj-Oicd1LhE3Z7PUWoPeKP8oCXHxYfFcUiGO68G3v40cSyzJgcKv0iDwqMwr4lsBsSmH4y_kCoZZPt8meKoQCL4hsFbkpKtKO1X
				Accept=*/*
				Content-Type=application/json
Cookies:		<none>
Multiparts:		<none>
Body:
{
    "description": "Updated playlist description",
    "name": "",
    "public": false
}
HTTP/1.1 400 Bad Request
content-type: application/json; charset=utf-8
cache-control: private, max-age=0
x-robots-tag: noindex, nofollow
access-control-allow-origin: *
access-control-allow-headers: Accept, App-Platform, Authorization, Content-Type, Origin, Retry-After, Spotify-App-Version, X-Cloud-Trace-Context, client-token, content-access-token
access-control-allow-methods: GET, POST, OPTIONS, PUT, DELETE, PATCH
access-control-allow-credentials: true
access-control-max-age: 604800
content-encoding: gzip
strict-transport-security: max-age=31536000
x-content-type-options: nosniff
date: Mon, 20 Nov 2023 12:06:56 GMT
server: envoy
Via: HTTP/2 edgeproxy, 1.1 google
Alt-Svc: h3=":443"; ma=2592000,h3-29=":443"; ma=2592000
Transfer-Encoding: chunked

{
    "error": {
        "status": 400,
        "message": "Missing required field: name"
    }
}
]]></system-out>
  </testcase>
</testsuite>