<?xml version="1.0" encoding="UTF-8"?>
<testng-results ignored="0" total="5" passed="5" failed="0" skipped="0">
  <reporter-output>
  </reporter-output>
  <suite started-at="2023-11-28T18:00:58 IST" name="Default suite" finished-at="2023-11-28T18:01:03 IST" duration-ms="5216">
    <groups>
    </groups>
    <test started-at="2023-11-28T18:00:58 IST" name="Default test" finished-at="2023-11-28T18:01:03 IST" duration-ms="5216">
      <class name="com.spotify.oauth2.tests.PlaylistTests">
        <test-method is-config="true" signature="beforeMethod(java.lang.reflect.Method)[pri:0, instance:com.spotify.oauth2.tests.PlaylistTests@5f780a86]" started-at="2023-11-28T18:00:58 IST" name="beforeMethod" finished-at="2023-11-28T18:00:58 IST" duration-ms="16" status="PASS">
          <params>
            <param index="0">
              <value>
                <![CDATA[public void com.spotify.oauth2.tests.PlaylistTests.ShouldBeAbleToCreateAPlaylist()]]>
              </value>
            </param>
          </params>
          <reporter-output>
          </reporter-output>
        </test-method> <!-- beforeMethod -->
        <test-method signature="ShouldBeAbleToCreateAPlaylist()[pri:0, instance:com.spotify.oauth2.tests.PlaylistTests@5f780a86]" started-at="2023-11-28T18:00:58 IST" name="ShouldBeAbleToCreateAPlaylist" description="Should be able to create a playlist" finished-at="2023-11-28T18:01:02 IST" duration-ms="3963" status="PASS">
          <reporter-output>
          </reporter-output>
        </test-method> <!-- ShouldBeAbleToCreateAPlaylist -->
        <test-method is-config="true" signature="beforeMethod(java.lang.reflect.Method)[pri:0, instance:com.spotify.oauth2.tests.PlaylistTests@5f780a86]" started-at="2023-11-28T18:01:02 IST" name="beforeMethod" finished-at="2023-11-28T18:01:02 IST" duration-ms="1" status="PASS">
          <params>
            <param index="0">
              <value>
                <![CDATA[public void com.spotify.oauth2.tests.PlaylistTests.ShouldBeAbleToGetAPlaylist()]]>
              </value>
            </param>
          </params>
          <reporter-output>
          </reporter-output>
        </test-method> <!-- beforeMethod -->
        <test-method signature="ShouldBeAbleToGetAPlaylist()[pri:0, instance:com.spotify.oauth2.tests.PlaylistTests@5f780a86]" started-at="2023-11-28T18:01:02 IST" name="ShouldBeAbleToGetAPlaylist" description="Should be able to get a playlist" finished-at="2023-11-28T18:01:03 IST" duration-ms="267" status="PASS">
          <reporter-output>
          </reporter-output>
        </test-method> <!-- ShouldBeAbleToGetAPlaylist -->
        <test-method is-config="true" signature="beforeMethod(java.lang.reflect.Method)[pri:0, instance:com.spotify.oauth2.tests.PlaylistTests@5f780a86]" started-at="2023-11-28T18:01:03 IST" name="beforeMethod" finished-at="2023-11-28T18:01:03 IST" duration-ms="0" status="PASS">
          <params>
            <param index="0">
              <value>
                <![CDATA[public void com.spotify.oauth2.tests.PlaylistTests.ShouldBeAbleToUpdateAPlaylist()]]>
              </value>
            </param>
          </params>
          <reporter-output>
          </reporter-output>
        </test-method> <!-- beforeMethod -->
        <test-method signature="ShouldBeAbleToUpdateAPlaylist()[pri:0, instance:com.spotify.oauth2.tests.PlaylistTests@5f780a86]" started-at="2023-11-28T18:01:03 IST" name="ShouldBeAbleToUpdateAPlaylist" description="Should be able to update a playlist" finished-at="2023-11-28T18:01:03 IST" duration-ms="396" status="PASS">
          <reporter-output>
          </reporter-output>
        </test-method> <!-- ShouldBeAbleToUpdateAPlaylist -->
        <test-method is-config="true" signature="beforeMethod(java.lang.reflect.Method)[pri:0, instance:com.spotify.oauth2.tests.PlaylistTests@5f780a86]" started-at="2023-11-28T18:01:03 IST" name="beforeMethod" finished-at="2023-11-28T18:01:03 IST" duration-ms="1" status="PASS">
          <params>
            <param index="0">
              <value>
                <![CDATA[public void com.spotify.oauth2.tests.PlaylistTests.ShouldNotBeAbleToCreateAPlaylistWithExpiredToken()]]>
              </value>
            </param>
          </params>
          <reporter-output>
          </reporter-output>
        </test-method> <!-- beforeMethod -->
        <test-method signature="ShouldNotBeAbleToCreateAPlaylistWithExpiredToken()[pri:0, instance:com.spotify.oauth2.tests.PlaylistTests@5f780a86]" started-at="2023-11-28T18:01:03 IST" name="ShouldNotBeAbleToCreateAPlaylistWithExpiredToken" description="Should not be able to create a playlist with expired token" finished-at="2023-11-28T18:01:03 IST" duration-ms="184" status="PASS">
          <reporter-output>
          </reporter-output>
        </test-method> <!-- ShouldNotBeAbleToCreateAPlaylistWithExpiredToken -->
        <test-method is-config="true" signature="beforeMethod(java.lang.reflect.Method)[pri:0, instance:com.spotify.oauth2.tests.PlaylistTests@5f780a86]" started-at="2023-11-28T18:01:03 IST" name="beforeMethod" finished-at="2023-11-28T18:01:03 IST" duration-ms="0" status="PASS">
          <params>
            <param index="0">
              <value>
                <![CDATA[public void com.spotify.oauth2.tests.PlaylistTests.ShouldNotBeAbleToCreateAPlaylistWithoutName()]]>
              </value>
            </param>
          </params>
          <reporter-output>
          </reporter-output>
        </test-method> <!-- beforeMethod -->
        <test-method signature="ShouldNotBeAbleToCreateAPlaylistWithoutName()[pri:0, instance:com.spotify.oauth2.tests.PlaylistTests@5f780a86]" started-at="2023-11-28T18:01:03 IST" name="ShouldNotBeAbleToCreateAPlaylistWithoutName" description="Should not be able to create a playlist without name" finished-at="2023-11-28T18:01:03 IST" duration-ms="193" status="PASS">
          <reporter-output>
          </reporter-output>
        </test-method> <!-- ShouldNotBeAbleToCreateAPlaylistWithoutName -->
      </class> <!-- com.spotify.oauth2.tests.PlaylistTests -->
    </test> <!-- Default test -->
  </suite> <!-- Default suite -->
</testng-results>
